# JRE version: OpenJDK Runtime Environment Microsoft-13877171 (21.0.11+10) (build 21.0.11+10-LTS)
# Java VM: OpenJDK 64-Bit Server VM Microsoft-13877171 (21.0.11+10-LTS, mixed mode, sharing, tiered, compressed oops, compressed class ptrs, g1 gc, windows-amd64)
GC Precious Log:
 CardTable entry size: 512
 Card Set container configuration: InlinePtr #cards 4 size 8 Array Of Cards #cards 16 size 48 Howl #buckets 8 coarsen threshold 3686 Howl Bitmap #cards 512 size 80 coarsen threshold 460 Card regions per heap region 1 cards per card region 4096
 CPUs: 4 total, 4 available
 Memory: 15783M
 Large Page Support: Disabled
 NUMA Support: Disabled
 Compressed Oops: Enabled (Zero based)
 Heap Region Size: 2M
 Heap Min Capacity: 8M
 Heap Initial Capacity: 248M
 Heap Max Capacity: 3946M
 Pre-touch: Disabled
 Parallel Workers: 4
 Concurrent Workers: 1
 Concurrent Refinement Workers: 4
 Periodic GC: Disabled
Heap:
 garbage-first heap   total 55296K, used 24943K [0x0000000709600000, 0x0000000800000000)
  region size 2048K, 4 young (8192K), 1 survivors (2048K)
 Metaspace       used 35414K, committed 35968K, reserved 1114112K
  class space    used 4652K, committed 4928K, reserved 1048576K
GC Heap History (15 events):
Event: 1.183 GC heap before
{Heap before GC invocations=0 (full 0):
 garbage-first heap   total 253952K, used 10240K [0x0000000709600000, 0x0000000800000000)
  region size 2048K, 6 young (12288K), 0 survivors (0K)
 Metaspace       used 2345K, committed 2560K, reserved 1114112K
  class space    used 207K, committed 320K, reserved 1048576K
}
Event: 1.192 GC heap after
{Heap after GC invocations=1 (full 0):
 garbage-first heap   total 253952K, used 6544K [0x0000000709600000, 0x0000000800000000)
  region size 2048K, 1 young (2048K), 1 survivors (2048K)
 Metaspace       used 2345K, committed 2560K, reserved 1114112K
  class space    used 207K, committed 320K, reserved 1048576K
}
Event: 2.107 GC heap before
{Heap before GC invocations=1 (full 0):
 garbage-first heap   total 253952K, used 16784K [0x0000000709600000, 0x0000000800000000)
  region size 2048K, 6 young (12288K), 1 survivors (2048K)
 Metaspace       used 4880K, committed 5120K, reserved 1114112K
  class space    used 593K, committed 704K, reserved 1048576K
}
Event: 2.113 GC heap after
{Heap after GC invocations=2 (full 0):
 garbage-first heap   total 253952K, used 7351K [0x0000000709600000, 0x0000000800000000)
  region size 2048K, 1 young (2048K), 1 survivors (2048K)
 Metaspace       used 4880K, committed 5120K, reserved 1114112K
  class space    used 593K, committed 704K, reserved 1048576K
}
Event: 4.139 GC heap before
{Heap before GC invocations=2 (full 0):
 garbage-first heap   total 253952K, used 33975K [0x0000000709600000, 0x0000000800000000)
  region size 2048K, 14 young (28672K), 1 survivors (2048K)
 Metaspace       used 12376K, committed 12672K, reserved 1114112K
  class space    used 1578K, committed 1728K, reserved 1048576K
}
Event: 4.148 GC heap after
{Heap after GC invocations=3 (full 0):
 garbage-first heap   total 253952K, used 9502K [0x0000000709600000, 0x0000000800000000)
  region size 2048K, 2 young (4096K), 2 survivors (4096K)
 Metaspace       used 12376K, committed 12672K, reserved 1114112K
  class space    used 1578K, committed 1728K, reserved 1048576K
}
Event: 6.478 GC heap before
{Heap before GC invocations=3 (full 0):
 garbage-first heap   total 253952K, used 48414K [0x0000000709600000, 0x0000000800000000)
  region size 2048K, 22 young (45056K), 2 survivors (4096K)
 Metaspace       used 21260K, committed 21504K, reserved 1114112K
  class space    used 2779K, committed 2880K, reserved 1048576K
}
Event: 6.496 GC heap after
{Heap after GC invocations=4 (full 0):
 garbage-first heap   total 253952K, used 13018K [0x0000000709600000, 0x0000000800000000)
  region size 2048K, 4 young (8192K), 4 survivors (8192K)
 Metaspace       used 21260K, committed 21504K, reserved 1114112K
  class space    used 2779K, committed 2880K, reserved 1048576K
}
Event: 7.585 GC heap before
{Heap before GC invocations=5 (full 0):
 garbage-first heap   total 55296K, used 37594K [0x0000000709600000, 0x0000000800000000)
  region size 2048K, 16 young (32768K), 4 survivors (8192K)
 Metaspace       used 25247K, committed 25600K, reserved 1114112K
  class space    used 3318K, committed 3456K, reserved 1048576K
}
Event: 7.605 GC heap after
{Heap after GC invocations=6 (full 0):
 garbage-first heap   total 55296K, used 15451K [0x0000000709600000, 0x0000000800000000)
  region size 2048K, 2 young (4096K), 2 survivors (4096K)
 Metaspace       used 25247K, committed 25600K, reserved 1114112K
  class space    used 3318K, committed 3456K, reserved 1048576K
}
Event: 9.047 GC heap before
{Heap before GC invocations=6 (full 0):
 garbage-first heap   total 55296K, used 40027K [0x0000000709600000, 0x0000000800000000)
  region size 2048K, 14 young (28672K), 2 survivors (4096K)
 Metaspace       used 28963K, committed 29440K, reserved 1114112K
  class space    used 3836K, committed 4032K, reserved 1048576K
}
Event: 9.066 GC heap after
{Heap after GC invocations=7 (full 0):
 garbage-first heap   total 55296K, used 17240K [0x0000000709600000, 0x0000000800000000)
  region size 2048K, 1 young (2048K), 1 survivors (2048K)
 Metaspace       used 28963K, committed 29440K, reserved 1114112K
  class space    used 3836K, committed 4032K, reserved 1048576K
}
Event: 10.671 GC heap before
{Heap before GC invocations=7 (full 0):
 garbage-first heap   total 55296K, used 41816K [0x0000000709600000, 0x0000000800000000)
  region size 2048K, 14 young (28672K), 1 survivors (2048K)
 Metaspace       used 34309K, committed 34816K, reserved 1114112K
  class space    used 4561K, committed 4800K, reserved 1048576K
}
Event: 10.687 GC heap after
{Heap after GC invocations=8 (full 0):
 garbage-first heap   total 55296K, used 19864K [0x0000000709600000, 0x0000000800000000)
  region size 2048K, 2 young (4096K), 2 survivors (4096K)
 Metaspace       used 34309K, committed 34816K, reserved 1114112K
  class space    used 4561K, committed 4800K, reserved 1048576K
}
Event: 10.889 GC heap before
{Heap before GC invocations=8 (full 0):
 garbage-first heap   total 55296K, used 23960K [0x0000000709600000, 0x0000000800000000)
  region size 2048K, 5 young (10240K), 2 survivors (4096K)
 Metaspace       used 35414K, committed 35968K, reserved 1114112K
  class space    used 4652K, committed 4928K, reserved 1048576K
}

